<?xml version="1.0" encoding="UTF-8"?>
<!-- Generated by org.testng.reporters.JUnitReportReporter -->
<testsuite name="com.testng.AltoroMutual" tests="4" time="14.941" ignored="0" failures="0" timestamp="24 Nov 2022 16:13:16 GMT" skipped="0" hostname="DESKTOP-RMVC30I" errors="0">
  <testcase name="openLoginPage" time="0.396" classname="com.testng.AltoroMutual"/>
  <testcase name="beforeclass" time="6.040" classname="com.testng.AltoroMutual"/>
  <testcase name="tryLogIn" time="3.991" classname="com.testng.AltoroMutual"/>
  <testcase name="viewSummary" time="4.514" classname="com.testng.AltoroMutual"/>
</testsuite> <!-- com.testng.AltoroMutual -->
