<?xml version="1.0" encoding="UTF-8"?>
<!-- Generated by org.testng.reporters.JUnitReportReporter -->
<testsuite skipped="0" hostname="DESKTOP-RMVC30I" name="org.junit.com.JunitTask" tests="5" failures="0" timestamp="21 Jul 2022 02:58:29 GMT" time="10.873" errors="0">
  <testcase name="test4" time="3.780" classname="org.junit.com.JunitTask"/>
  <testcase name="test5" time="3.651" classname="org.junit.com.JunitTask"/>
  <testcase name="test1" time="1.090" classname="org.junit.com.JunitTask"/>
  <testcase name="test2" time="1.472" classname="org.junit.com.JunitTask"/>
  <testcase name="test3" time="0.880" classname="org.junit.com.JunitTask"/>
</testsuite> <!-- org.junit.com.JunitTask -->
