<?xml version="1.0" encoding="UTF-8"?>
<!-- Generated by org.testng.reporters.JUnitReportReporter -->
<testsuite name="convert.testng.TCls" tests="1" time="2.520" ignored="0" failures="0" timestamp="24 Nov 2022 15:30:07 GMT" skipped="0" hostname="DESKTOP-RMVC30I" errors="0">
  <testcase name="test3" time="2.520" classname="convert.testng.TCls"/>
</testsuite> <!-- convert.testng.TCls -->
