<?xml version="1.0" encoding="UTF-8"?>
<!-- Generated by org.testng.reporters.JUnitReportReporter -->
<testsuite name="convert.testng.Scls" tests="1" time="4.077" ignored="0" failures="0" timestamp="24 Nov 2022 15:30:07 GMT" skipped="0" hostname="DESKTOP-RMVC30I" errors="0">
  <testcase name="test2" time="4.077" classname="convert.testng.Scls"/>
</testsuite> <!-- convert.testng.Scls -->
